 #
# There is insufficient memory for the Java Runtime Environment to continue.
# Native memory allocation (malloc) failed to allocate 32744 bytes. Error detail: Chunk::new
# Possible reasons:
#   The system is out of physical RAM or swap space
#   This process is running with CompressedOops enabled, and the Java Heap may be blocking the growth of the native heap
# Possible solutions:
#   Reduce memory load on the system
#   Increase physical memory or swap space
#   Check if swap backing store is full
#   Decrease Java heap size (-Xmx/-Xms)
#   Decrease number of Java threads
#   Decrease Java thread stack sizes (-Xss)
#   Set larger code cache with -XX:ReservedCodeCacheSize=
#   JVM is running with Unscaled Compressed Oops mode in which the Java heap is
#     placed in the first 4GB address space. The Java Heap base address is the
#     maximum limit for the native heap growth. Please use -XX:HeapBaseMinAddress
#     to set the Java Heap base and to place the Java Heap above 4GB virtual address.
# This output file may be truncated or incomplete.
#
#  Out of Memory Error (arena.cpp:168), pid=1736, tid=16564
#
# JRE version: OpenJDK Runtime Environment JBR-21.0.9+1-1163.86-jcef (21.0.9+1) (build 21.0.9+1-b1163.86)
# Java VM: OpenJDK 64-Bit Server VM JBR-21.0.9+1-1163.86-jcef (21.0.9+1-b1163.86, mixed mode, sharing, tiered, compressed oops, compressed class ptrs, g1 gc, windows-amd64)
# No core dump will be written. Minidumps are not enabled by default on client versions of Windows
#

---------------  S U M M A R Y ------------

Command Line: -Djava.rmi.server.hostname=127.0.0.1 -Duser.timezone=UTC -Xmx2048m -Xms128m --add-exports=java.desktop/sun.awt=ALL-UNNAMED --add-exports=java.desktop/java.awt.peer=ALL-UNNAMED --add-opens=java.desktop/java.awt=ALL-UNNAMED --add-opens=jdk.unsupported/sun.misc=ALL-UNNAMED --add-opens=java.base/java.nio=ALL-UNNAMED --add-opens=java.base/java.util=ALL-UNNAMED -Dfile.encoding=UTF-8 -Dsun.stdout.encoding=UTF-8 -Dsun.stderr.encoding=UTF-8 com.intellij.database.remote.RemoteJdbcServer org.postgresql.Driver

Host: AMD Ryzen 5 3500U with Radeon Vega Mobile Gfx  , 8 cores, 5G,  Windows 11 , 64 bit Build 26100 (10.0.26100.7309)
Time: Fri Dec 26 19:08:00 2025 India Standard Time elapsed time: 337.613725 seconds (0d 0h 5m 37s)

---------------  T H R E A D  ---------------

Current thread (0x000001377f3d76c0):  JavaThread "C2 CompilerThread0" daemon [_thread_in_native, id=16564, stack(0x0000002da4000000,0x0000002da4100000) (1024K)]


Current CompileTask:
C2:337614 2239       4       java.lang.invoke.MethodType::makeImpl (109 bytes)

Stack: [0x0000002da4000000,0x0000002da4100000]
Native frames: (J=compiled Java code, j=interpreted, Vv=VM code, C=native code)
V  [jvm.dll+0x6ec339]
V  [jvm.dll+0x8cc463]
V  [jvm.dll+0x8cea7e]
V  [jvm.dll+0x8cf163]
V  [jvm.dll+0x28b006]
V  [jvm.dll+0xc6f3d]
V  [jvm.dll+0xc7473]
V  [jvm.dll+0x1d555e]
V  [jvm.dll+0x6c5627]
V  [jvm.dll+0x3a5163]
V  [jvm.dll+0x3ad6b2]
V  [jvm.dll+0x6fdfbe]
V  [jvm.dll+0x6fe9ff]
V  [jvm.dll+0x6fde92]
V  [jvm.dll+0x6fc05a]
V  [jvm.dll+0x1d1cdc]
V  [jvm.dll+0x300fb4]
V  [jvm.dll+0x706796]
V  [jvm.dll+0x6fe9eb]
V  [jvm.dll+0x6fde92]
V  [jvm.dll+0x6fc05a]
V  [jvm.dll+0x1d1cdc]
V  [jvm.dll+0x300fb4]
V  [jvm.dll+0x706796]
V  [jvm.dll+0x6fe9eb]
V  [jvm.dll+0x6fde92]
V  [jvm.dll+0x6fc05a]
V  [jvm.dll+0x1d1cdc]
V  [jvm.dll+0x1d288a]
V  [jvm.dll+0x300fb4]
V  [jvm.dll+0x706796]
V  [jvm.dll+0x6fe9eb]
V  [jvm.dll+0x6fde92]
V  [jvm.dll+0x6fc05a]
V  [jvm.dll+0x1d1cdc]
V  [jvm.dll+0x300fb4]
V  [jvm.dll+0x706796]
V  [jvm.dll+0x6fe9eb]
V  [jvm.dll+0x6fde92]
V  [jvm.dll+0x6fc05a]
V  [jvm.dll+0x1d1cdc]
V  [jvm.dll+0x300fb4]
V  [jvm.dll+0x706796]
V  [jvm.dll+0x6fe9eb]
V  [jvm.dll+0x6fde92]
V  [jvm.dll+0x6fc05a]
V  [jvm.dll+0x1d1cdc]
V  [jvm.dll+0x300fb4]
V  [jvm.dll+0x706796]
V  [jvm.dll+0x6fe9eb]
V  [jvm.dll+0x6fde92]
V  [jvm.dll+0x6fc05a]
V  [jvm.dll+0x1d1cdc]
V  [jvm.dll+0x300fb4]
V  [jvm.dll+0x706796]
V  [jvm.dll+0x6fe9eb]
V  [jvm.dll+0x6fde92]
V  [jvm.dll+0x6fc05a]
V  [jvm.dll+0x1d1cdc]
V  [jvm.dll+0x25110d]
V  [jvm.dll+0x1ceb04]
V  [jvm.dll+0x260e0e]
V  [jvm.dll+0x25f356]
V  [jvm.dll+0x4031b6]
V  [jvm.dll+0x874178]
V  [jvm.dll+0x6eaabd]
C  [ucrtbase.dll+0x37b0]
C  [KERNEL32.DLL+0x2e8d7]
C  [ntdll.dll+0x8c53c]


---------------  P R O C E S S  ---------------

Threads class SMR info:
_java_thread_list=0x0000013746c3a730, length=20, elements={
0x0000013764b46470, 0x000001377f395560, 0x000001377f39b120, 0x000001377f39c8a0,
0x000001377f3a1de0, 0x000001377f3a2840, 0x000001377f3a6cf0, 0x000001377f3af890,
0x000001377f3d76c0, 0x000001377f3d8e80, 0x000001377f650040, 0x000001377f8ef1d0,
0x000001377f8f1e60, 0x0000013746039030, 0x000001374603b6b0, 0x000001374604fc10,
0x00000137462c1930, 0x00000137462793b0, 0x0000013746278000, 0x0000013746279a40
}

Java Threads: ( => current thread )
  0x0000013764b46470 JavaThread "main"                              [_thread_blocked, id=22896, stack(0x0000002da3100000,0x0000002da3200000) (1024K)]
  0x000001377f395560 JavaThread "Common-Cleaner"             daemon [_thread_blocked, id=4048, stack(0x0000002da3900000,0x0000002da3a00000) (1024K)]
  0x000001377f39b120 JavaThread "Reference Handler"          daemon [_thread_blocked, id=22744, stack(0x0000002da3a00000,0x0000002da3b00000) (1024K)]
  0x000001377f39c8a0 JavaThread "Finalizer"                  daemon [_thread_blocked, id=23180, stack(0x0000002da3b00000,0x0000002da3c00000) (1024K)]
  0x000001377f3a1de0 JavaThread "Signal Dispatcher"          daemon [_thread_blocked, id=22888, stack(0x0000002da3c00000,0x0000002da3d00000) (1024K)]
  0x000001377f3a2840 JavaThread "Attach Listener"            daemon [_thread_blocked, id=21156, stack(0x0000002da3d00000,0x0000002da3e00000) (1024K)]
  0x000001377f3a6cf0 JavaThread "Service Thread"             daemon [_thread_blocked, id=1880, stack(0x0000002da3e00000,0x0000002da3f00000) (1024K)]
  0x000001377f3af890 JavaThread "Monitor Deflation Thread"   daemon [_thread_blocked, id=23008, stack(0x0000002da3f00000,0x0000002da4000000) (1024K)]
=>0x000001377f3d76c0 JavaThread "C2 CompilerThread0"         daemon [_thread_in_native, id=16564, stack(0x0000002da4000000,0x0000002da4100000) (1024K)]
  0x000001377f3d8e80 JavaThread "C1 CompilerThread0"         daemon [_thread_blocked, id=16036, stack(0x0000002da4100000,0x0000002da4200000) (1024K)]
  0x000001377f650040 JavaThread "Notification Thread"        daemon [_thread_blocked, id=21544, stack(0x0000002da4200000,0x0000002da4300000) (1024K)]
  0x000001377f8ef1d0 JavaThread "RMI TCP Accept-16744"       daemon [_thread_in_native, id=10424, stack(0x0000002da4300000,0x0000002da4400000) (1024K)]
  0x000001377f8f1e60 JavaThread "RMI TCP Accept-0"           daemon [_thread_in_native, id=21424, stack(0x0000002da4400000,0x0000002da4500000) (1024K)]
  0x0000013746039030 JavaThread "RMI Reaper"                        [_thread_blocked, id=17540, stack(0x0000002da4500000,0x0000002da4600000) (1024K)]
  0x000001374603b6b0 JavaThread "RMI GC Daemon"              daemon [_thread_blocked, id=15464, stack(0x0000002da4600000,0x0000002da4700000) (1024K)]
  0x000001374604fc10 JavaThread "RMI TCP Connection(5)-127.0.0.1" daemon [_thread_in_native, id=17160, stack(0x0000002da4700000,0x0000002da4800000) (1024K)]
  0x00000137462c1930 JavaThread "RMI Scheduler(0)"           daemon [_thread_blocked, id=18520, stack(0x0000002da4900000,0x0000002da4a00000) (1024K)]
  0x00000137462793b0 JavaThread "RMI TCP Connection(6)-127.0.0.1" daemon [_thread_in_native, id=3144, stack(0x0000002da4b00000,0x0000002da4c00000) (1024K)]
  0x0000013746278000 JavaThread "RMI RenewClean-[127.0.0.1:60387]" daemon [_thread_blocked, id=1588, stack(0x0000002da4c00000,0x0000002da4d00000) (1024K)]
  0x0000013746279a40 JavaThread "PostgreSQL-JDBC-Cleaner"    daemon [_thread_blocked, id=21832, stack(0x0000002da5500000,0x0000002da5600000) (1024K)]
Total: 20

Other Threads:
  0x000001377f37b570 VMThread "VM Thread"                           [id=13596, stack(0x0000002da3800000,0x0000002da3900000) (1024K)]
  0x000001377f36b230 WatcherThread "VM Periodic Task Thread"        [id=21452, stack(0x0000002da3700000,0x0000002da3800000) (1024K)]
  0x0000013766f476a0 WorkerThread "GC Thread#0"                     [id=16536, stack(0x0000002da3200000,0x0000002da3300000) (1024K)]
  0x000001377f589700 WorkerThread "GC Thread#1"                     [id=22584, stack(0x0000002da4d00000,0x0000002da4e00000) (1024K)]
  0x000001377f596490 WorkerThread "GC Thread#2"                     [id=9288, stack(0x0000002da4e00000,0x0000002da4f00000) (1024K)]
  0x000001377f848d70 WorkerThread "GC Thread#3"                     [id=17804, stack(0x0000002da4f00000,0x0000002da5000000) (1024K)]
  0x000001374616d990 WorkerThread "GC Thread#4"                     [id=17712, stack(0x0000002da5000000,0x0000002da5100000) (1024K)]
  0x000001377f88e300 WorkerThread "GC Thread#5"                     [id=14700, stack(0x0000002da5100000,0x0000002da5200000) (1024K)]
  0x000001377f8956d0 WorkerThread "GC Thread#6"                     [id=1904, stack(0x0000002da5200000,0x0000002da5300000) (1024K)]
  0x000001377f895a70 WorkerThread "GC Thread#7"                     [id=16828, stack(0x0000002da5300000,0x0000002da5400000) (1024K)]
  0x0000013766f5a320 ConcurrentGCThread "G1 Main Marker"            [id=23140, stack(0x0000002da3300000,0x0000002da3400000) (1024K)]
  0x0000013766f5b3d0 WorkerThread "G1 Conc#0"                       [id=19432, stack(0x0000002da3400000,0x0000002da3500000) (1024K)]
  0x000001377f2285a0 ConcurrentGCThread "G1 Refine#0"               [id=13744, stack(0x0000002da3500000,0x0000002da3600000) (1024K)]
  0x000001377f229dd0 ConcurrentGCThread "G1 Service"                [id=11840, stack(0x0000002da3600000,0x0000002da3700000) (1024K)]
Total: 14

Threads with active compile tasks:
C2 CompilerThread0  337860 2239       4       java.lang.invoke.MethodType::makeImpl (109 bytes)
Total: 1

VM state: not at safepoint (normal execution)

VM Mutex/Monitor currently owned by a thread: None

Heap address: 0x0000000080000000, size: 2048 MB, Compressed Oops mode: 32-bit

CDS archive(s) mapped at: [0x0000013700000000-0x0000013701c20000-0x0000013701c20000), size 29491200, SharedBaseAddress: 0x0000013700000000, ArchiveRelocationMode: 1.
Compressed class space mapped at: 0x0000013702000000-0x0000013742000000, reserved size: 1073741824
Narrow klass base: 0x0000013700000000, Narrow klass shift: 0, Narrow klass range: 0x100000000

GC Precious Log:
 CardTable entry size: 512
 Card Set container configuration: InlinePtr #cards 5 size 8 Array Of Cards #cards 12 size 40 Howl #buckets 4 coarsen threshold 1843 Howl Bitmap #cards 512 size 80 coarsen threshold 460 Card regions per heap region 1 cards per card region 2048
 CPUs: 8 total, 8 available
 Memory: 6030M
 Large Page Support: Disabled
 NUMA Support: Disabled
 Compressed Oops: Enabled (32-bit)
 Heap Region Size: 1M
 Heap Min Capacity: 128M
 Heap Initial Capacity: 128M
 Heap Max Capacity: 2G
 Pre-touch: Disabled
 Parallel Workers: 8
 Concurrent Workers: 2
 Concurrent Refinement Workers: 8
 Periodic GC: Disabled

Heap:
 garbage-first heap   total 131072K, used 23424K [0x0000000080000000, 0x0000000100000000)
  region size 1024K, 21 young (21504K), 3 survivors (3072K)
 Metaspace       used 8982K, committed 9408K, reserved 1114112K
  class space    used 1068K, committed 1280K, reserved 1048576K

Heap Regions: E=young(eden), S=young(survivor), O=old, HS=humongous(starts), HC=humongous(continues), CS=collection set, F=free, TAMS=top-at-mark-start, PB=parsable bottom
|   0|0x0000000080000000, 0x0000000080100000, 0x0000000080100000|100%|HS|  |TAMS 0x0000000080000000| PB 0x0000000080000000| Complete 
|   1|0x0000000080100000, 0x0000000080200000, 0x0000000080200000|100%|HS|  |TAMS 0x0000000080100000| PB 0x0000000080100000| Complete 
|   2|0x0000000080200000, 0x0000000080300000, 0x0000000080300000|100%| O|  |TAMS 0x0000000080200000| PB 0x0000000080200000| Untracked 
|   3|0x0000000080300000, 0x00000000803e0000, 0x0000000080400000| 87%| O|  |TAMS 0x0000000080300000| PB 0x0000000080300000| Untracked 
|   4|0x0000000080400000, 0x0000000080400000, 0x0000000080500000|  0%| F|  |TAMS 0x0000000080400000| PB 0x0000000080400000| Untracked 
|   5|0x0000000080500000, 0x0000000080500000, 0x0000000080600000|  0%| F|  |TAMS 0x0000000080500000| PB 0x0000000080500000| Untracked 
|   6|0x0000000080600000, 0x0000000080600000, 0x0000000080700000|  0%| F|  |TAMS 0x0000000080600000| PB 0x0000000080600000| Untracked 
|   7|0x0000000080700000, 0x0000000080700000, 0x0000000080800000|  0%| F|  |TAMS 0x0000000080700000| PB 0x0000000080700000| Untracked 
|   8|0x0000000080800000, 0x0000000080800000, 0x0000000080900000|  0%| F|  |TAMS 0x0000000080800000| PB 0x0000000080800000| Untracked 
|   9|0x0000000080900000, 0x0000000080900000, 0x0000000080a00000|  0%| F|  |TAMS 0x0000000080900000| PB 0x0000000080900000| Untracked 
|  10|0x0000000080a00000, 0x0000000080a00000, 0x0000000080b00000|  0%| F|  |TAMS 0x0000000080a00000| PB 0x0000000080a00000| Untracked 
|  11|0x0000000080b00000, 0x0000000080b00000, 0x0000000080c00000|  0%| F|  |TAMS 0x0000000080b00000| PB 0x0000000080b00000| Untracked 
|  12|0x0000000080c00000, 0x0000000080c00000, 0x0000000080d00000|  0%| F|  |TAMS 0x0000000080c00000| PB 0x0000000080c00000| Untracked 
|  13|0x0000000080d00000, 0x0000000080d00000, 0x0000000080e00000|  0%| F|  |TAMS 0x0000000080d00000| PB 0x0000000080d00000| Untracked 
|  14|0x0000000080e00000, 0x0000000080e00000, 0x0000000080f00000|  0%| F|  |TAMS 0x0000000080e00000| PB 0x0000000080e00000| Untracked 
|  15|0x0000000080f00000, 0x0000000080f00000, 0x0000000081000000|  0%| F|  |TAMS 0x0000000080f00000| PB 0x0000000080f00000| Untracked 
|  16|0x0000000081000000, 0x0000000081000000, 0x0000000081100000|  0%| F|  |TAMS 0x0000000081000000| PB 0x0000000081000000| Untracked 
|  17|0x0000000081100000, 0x0000000081100000, 0x0000000081200000|  0%| F|  |TAMS 0x0000000081100000| PB 0x0000000081100000| Untracked 
|  18|0x0000000081200000, 0x0000000081200000, 0x0000000081300000|  0%| F|  |TAMS 0x0000000081200000| PB 0x0000000081200000| Untracked 
|  19|0x0000000081300000, 0x0000000081300000, 0x0000000081400000|  0%| F|  |TAMS 0x0000000081300000| PB 0x0000000081300000| Untracked 
|  20|0x0000000081400000, 0x0000000081400000, 0x0000000081500000|  0%| F|  |TAMS 0x0000000081400000| PB 0x0000000081400000| Untracked 
|  21|0x0000000081500000, 0x0000000081500000, 0x0000000081600000|  0%| F|  |TAMS 0x0000000081500000| PB 0x0000000081500000| Untracked 
|  22|0x0000000081600000, 0x0000000081600000, 0x0000000081700000|  0%| F|  |TAMS 0x0000000081600000| PB 0x0000000081600000| Untracked 
|  23|0x0000000081700000, 0x0000000081700000, 0x0000000081800000|  0%| F|  |TAMS 0x0000000081700000| PB 0x0000000081700000| Untracked 
|  24|0x0000000081800000, 0x0000000081800000, 0x0000000081900000|  0%| F|  |TAMS 0x0000000081800000| PB 0x0000000081800000| Untracked 
|  25|0x0000000081900000, 0x0000000081900000, 0x0000000081a00000|  0%| F|  |TAMS 0x0000000081900000| PB 0x0000000081900000| Untracked 
|  26|0x0000000081a00000, 0x0000000081a00000, 0x0000000081b00000|  0%| F|  |TAMS 0x0000000081a00000| PB 0x0000000081a00000| Untracked 
|  27|0x0000000081b00000, 0x0000000081b00000, 0x0000000081c00000|  0%| F|  |TAMS 0x0000000081b00000| PB 0x0000000081b00000| Untracked 
|  28|0x0000000081c00000, 0x0000000081c00000, 0x0000000081d00000|  0%| F|  |TAMS 0x0000000081c00000| PB 0x0000000081c00000| Untracked 
|  29|0x0000000081d00000, 0x0000000081d00000, 0x0000000081e00000|  0%| F|  |TAMS 0x0000000081d00000| PB 0x0000000081d00000| Untracked 
|  30|0x0000000081e00000, 0x0000000081e00000, 0x0000000081f00000|  0%| F|  |TAMS 0x0000000081e00000| PB 0x0000000081e00000| Untracked 
|  31|0x0000000081f00000, 0x0000000081f00000, 0x0000000082000000|  0%| F|  |TAMS 0x0000000081f00000| PB 0x0000000081f00000| Untracked 
|  32|0x0000000082000000, 0x0000000082000000, 0x0000000082100000|  0%| F|  |TAMS 0x0000000082000000| PB 0x0000000082000000| Untracked 
|  33|0x0000000082100000, 0x0000000082100000, 0x0000000082200000|  0%| F|  |TAMS 0x0000000082100000| PB 0x0000000082100000| Untracked 
|  34|0x0000000082200000, 0x0000000082200000, 0x0000000082300000|  0%| F|  |TAMS 0x0000000082200000| PB 0x0000000082200000| Untracked 
|  35|0x0000000082300000, 0x0000000082300000, 0x0000000082400000|  0%| F|  |TAMS 0x0000000082300000| PB 0x0000000082300000| Untracked 
|  36|0x0000000082400000, 0x0000000082400000, 0x0000000082500000|  0%| F|  |TAMS 0x0000000082400000| PB 0x0000000082400000| Untracked 
|  37|0x0000000082500000, 0x0000000082500000, 0x0000000082600000|  0%| F|  |TAMS 0x0000000082500000| PB 0x0000000082500000| Untracked 
|  38|0x0000000082600000, 0x0000000082600000, 0x0000000082700000|  0%| F|  |TAMS 0x0000000082600000| PB 0x0000000082600000| Untracked 
|  39|0x0000000082700000, 0x0000000082700000, 0x0000000082800000|  0%| F|  |TAMS 0x0000000082700000| PB 0x0000000082700000| Untracked 
|  40|0x0000000082800000, 0x0000000082800000, 0x0000000082900000|  0%| F|  |TAMS 0x0000000082800000| PB 0x0000000082800000| Untracked 
|  41|0x0000000082900000, 0x0000000082900000, 0x0000000082a00000|  0%| F|  |TAMS 0x0000000082900000| PB 0x0000000082900000| Untracked 
|  42|0x0000000082a00000, 0x0000000082a00000, 0x0000000082b00000|  0%| F|  |TAMS 0x0000000082a00000| PB 0x0000000082a00000| Untracked 
|  43|0x0000000082b00000, 0x0000000082b00000, 0x0000000082c00000|  0%| F|  |TAMS 0x0000000082b00000| PB 0x0000000082b00000| Untracked 
|  44|0x0000000082c00000, 0x0000000082c00000, 0x0000000082d00000|  0%| F|  |TAMS 0x0000000082c00000| PB 0x0000000082c00000| Untracked 
|  45|0x0000000082d00000, 0x0000000082d00000, 0x0000000082e00000|  0%| F|  |TAMS 0x0000000082d00000| PB 0x0000000082d00000| Untracked 
|  46|0x0000000082e00000, 0x0000000082e00000, 0x0000000082f00000|  0%| F|  |TAMS 0x0000000082e00000| PB 0x0000000082e00000| Untracked 
|  47|0x0000000082f00000, 0x0000000082f00000, 0x0000000083000000|  0%| F|  |TAMS 0x0000000082f00000| PB 0x0000000082f00000| Untracked 
|  48|0x0000000083000000, 0x0000000083000000, 0x0000000083100000|  0%| F|  |TAMS 0x0000000083000000| PB 0x0000000083000000| Untracked 
|  49|0x0000000083100000, 0x0000000083100000, 0x0000000083200000|  0%| F|  |TAMS 0x0000000083100000| PB 0x0000000083100000| Untracked 
|  50|0x0000000083200000, 0x0000000083200000, 0x0000000083300000|  0%| F|  |TAMS 0x0000000083200000| PB 0x0000000083200000| Untracked 
|  51|0x0000000083300000, 0x0000000083300000, 0x0000000083400000|  0%| F|  |TAMS 0x0000000083300000| PB 0x0000000083300000| Untracked 
|  52|0x0000000083400000, 0x0000000083400000, 0x0000000083500000|  0%| F|  |TAMS 0x0000000083400000| PB 0x0000000083400000| Untracked 
|  53|0x0000000083500000, 0x0000000083500000, 0x0000000083600000|  0%| F|  |TAMS 0x0000000083500000| PB 0x0000000083500000| Untracked 
|  54|0x0000000083600000, 0x0000000083600000, 0x0000000083700000|  0%| F|  |TAMS 0x0000000083600000| PB 0x0000000083600000| Untracked 
|  55|0x0000000083700000, 0x0000000083700000, 0x0000000083800000|  0%| F|  |TAMS 0x0000000083700000| PB 0x0000000083700000| Untracked 
|  56|0x0000000083800000, 0x0000000083800000, 0x0000000083900000|  0%| F|  |TAMS 0x0000000083800000| PB 0x0000000083800000| Untracked 
|  57|0x0000000083900000, 0x0000000083900000, 0x0000000083a00000|  0%| F|  |TAMS 0x0000000083900000| PB 0x0000000083900000| Untracked 
|  58|0x0000000083a00000, 0x0000000083a00000, 0x0000000083b00000|  0%| F|  |TAMS 0x0000000083a00000| PB 0x0000000083a00000| Untracked 
|  59|0x0000000083b00000, 0x0000000083b00000, 0x0000000083c00000|  0%| F|  |TAMS 0x0000000083b00000| PB 0x0000000083b00000| Untracked 
|  60|0x0000000083c00000, 0x0000000083c00000, 0x0000000083d00000|  0%| F|  |TAMS 0x0000000083c00000| PB 0x0000000083c00000| Untracked 
|  61|0x0000000083d00000, 0x0000000083d00000, 0x0000000083e00000|  0%| F|  |TAMS 0x0000000083d00000| PB 0x0000000083d00000| Untracked 
|  62|0x0000000083e00000, 0x0000000083e00000, 0x0000000083f00000|  0%| F|  |TAMS 0x0000000083e00000| PB 0x0000000083e00000| Untracked 
|  63|0x0000000083f00000, 0x0000000083f00000, 0x0000000084000000|  0%| F|  |TAMS 0x0000000083f00000| PB 0x0000000083f00000| Untracked 
|  64|0x0000000084000000, 0x0000000084000000, 0x0000000084100000|  0%| F|  |TAMS 0x0000000084000000| PB 0x0000000084000000| Untracked 
|  65|0x0000000084100000, 0x0000000084100000, 0x0000000084200000|  0%| F|  |TAMS 0x0000000084100000| PB 0x0000000084100000| Untracked 
|  66|0x0000000084200000, 0x0000000084200000, 0x0000000084300000|  0%| F|  |TAMS 0x0000000084200000| PB 0x0000000084200000| Untracked 
|  67|0x0000000084300000, 0x0000000084300000, 0x0000000084400000|  0%| F|  |TAMS 0x0000000084300000| PB 0x0000000084300000| Untracked 
|  68|0x0000000084400000, 0x0000000084400000, 0x0000000084500000|  0%| F|  |TAMS 0x0000000084400000| PB 0x0000000084400000| Untracked 
|  69|0x0000000084500000, 0x0000000084500000, 0x0000000084600000|  0%| F|  |TAMS 0x0000000084500000| PB 0x0000000084500000| Untracked 
|  70|0x0000000084600000, 0x0000000084600000, 0x0000000084700000|  0%| F|  |TAMS 0x0000000084600000| PB 0x0000000084600000| Untracked 
|  71|0x0000000084700000, 0x0000000084700000, 0x0000000084800000|  0%| F|  |TAMS 0x0000000084700000| PB 0x0000000084700000| Untracked 
|  72|0x0000000084800000, 0x0000000084800000, 0x0000000084900000|  0%| F|  |TAMS 0x0000000084800000| PB 0x0000000084800000| Untracked 
|  73|0x0000000084900000, 0x0000000084900000, 0x0000000084a00000|  0%| F|  |TAMS 0x0000000084900000| PB 0x0000000084900000| Untracked 
|  74|0x0000000084a00000, 0x0000000084a00000, 0x0000000084b00000|  0%| F|  |TAMS 0x0000000084a00000| PB 0x0000000084a00000| Untracked 
|  75|0x0000000084b00000, 0x0000000084b00000, 0x0000000084c00000|  0%| F|  |TAMS 0x0000000084b00000| PB 0x0000000084b00000| Untracked 
|  76|0x0000000084c00000, 0x0000000084c00000, 0x0000000084d00000|  0%| F|  |TAMS 0x0000000084c00000| PB 0x0000000084c00000| Untracked 
|  77|0x0000000084d00000, 0x0000000084d00000, 0x0000000084e00000|  0%| F|  |TAMS 0x0000000084d00000| PB 0x0000000084d00000| Untracked 
|  78|0x0000000084e00000, 0x0000000084e00000, 0x0000000084f00000|  0%| F|  |TAMS 0x0000000084e00000| PB 0x0000000084e00000| Untracked 
|  79|0x0000000084f00000, 0x0000000084f00000, 0x0000000085000000|  0%| F|  |TAMS 0x0000000084f00000| PB 0x0000000084f00000| Untracked 
|  80|0x0000000085000000, 0x0000000085000000, 0x0000000085100000|  0%| F|  |TAMS 0x0000000085000000| PB 0x0000000085000000| Untracked 
|  81|0x0000000085100000, 0x0000000085100000, 0x0000000085200000|  0%| F|  |TAMS 0x0000000085100000| PB 0x0000000085100000| Untracked 
|  82|0x0000000085200000, 0x0000000085200000, 0x0000000085300000|  0%| F|  |TAMS 0x0000000085200000| PB 0x0000000085200000| Untracked 
|  83|0x0000000085300000, 0x0000000085300000, 0x0000000085400000|  0%| F|  |TAMS 0x0000000085300000| PB 0x0000000085300000| Untracked 
|  84|0x0000000085400000, 0x0000000085400000, 0x0000000085500000|  0%| F|  |TAMS 0x0000000085400000| PB 0x0000000085400000| Untracked 
|  85|0x0000000085500000, 0x0000000085500000, 0x0000000085600000|  0%| F|  |TAMS 0x0000000085500000| PB 0x0000000085500000| Untracked 
|  86|0x0000000085600000, 0x0000000085600000, 0x0000000085700000|  0%| F|  |TAMS 0x0000000085600000| PB 0x0000000085600000| Untracked 
|  87|0x0000000085700000, 0x0000000085700000, 0x0000000085800000|  0%| F|  |TAMS 0x0000000085700000| PB 0x0000000085700000| Untracked 
|  88|0x0000000085800000, 0x0000000085800000, 0x0000000085900000|  0%| F|  |TAMS 0x0000000085800000| PB 0x0000000085800000| Untracked 
|  89|0x0000000085900000, 0x0000000085900000, 0x0000000085a00000|  0%| F|  |TAMS 0x0000000085900000| PB 0x0000000085900000| Untracked 
|  90|0x0000000085a00000, 0x0000000085a00000, 0x0000000085b00000|  0%| F|  |TAMS 0x0000000085a00000| PB 0x0000000085a00000| Untracked 
|  91|0x0000000085b00000, 0x0000000085b00000, 0x0000000085c00000|  0%| F|  |TAMS 0x0000000085b00000| PB 0x0000000085b00000| Untracked 
|  92|0x0000000085c00000, 0x0000000085c00000, 0x0000000085d00000|  0%| F|  |TAMS 0x0000000085c00000| PB 0x0000000085c00000| Untracked 
|  93|0x0000000085d00000, 0x0000000085d00000, 0x0000000085e00000|  0%| F|  |TAMS 0x0000000085d00000| PB 0x0000000085d00000| Untracked 
|  94|0x0000000085e00000, 0x0000000085e00000, 0x0000000085f00000|  0%| F|  |TAMS 0x0000000085e00000| PB 0x0000000085e00000| Untracked 
|  95|0x0000000085f00000, 0x0000000085f00000, 0x0000000086000000|  0%| F|  |TAMS 0x0000000085f00000| PB 0x0000000085f00000| Untracked 
|  96|0x0000000086000000, 0x0000000086000000, 0x0000000086100000|  0%| F|  |TAMS 0x0000000086000000| PB 0x0000000086000000| Untracked 
|  97|0x0000000086100000, 0x0000000086100000, 0x0000000086200000|  0%| F|  |TAMS 0x0000000086100000| PB 0x0000000086100000| Untracked 
|  98|0x0000000086200000, 0x0000000086200000, 0x0000000086300000|  0%| F|  |TAMS 0x0000000086200000| PB 0x0000000086200000| Untracked 
|  99|0x0000000086300000, 0x0000000086300000, 0x0000000086400000|  0%| F|  |TAMS 0x0000000086300000| PB 0x0000000086300000| Untracked 
| 100|0x0000000086400000, 0x0000000086400000, 0x0000000086500000|  0%| F|  |TAMS 0x0000000086400000| PB 0x0000000086400000| Untracked 
| 101|0x0000000086500000, 0x0000000086500000, 0x0000000086600000|  0%| F|  |TAMS 0x0000000086500000| PB 0x0000000086500000| Untracked 
| 102|0x0000000086600000, 0x0000000086700000, 0x0000000086700000|100%| S|CS|TAMS 0x0000000086600000| PB 0x0000000086600000| Complete 
| 103|0x0000000086700000, 0x0000000086800000, 0x0000000086800000|100%| S|CS|TAMS 0x0000000086700000| PB 0x0000000086700000| Complete 
| 104|0x0000000086800000, 0x0000000086900000, 0x0000000086900000|100%| S|CS|TAMS 0x0000000086800000| PB 0x0000000086800000| Complete 
| 105|0x0000000086900000, 0x0000000086900000, 0x0000000086a00000|  0%| F|  |TAMS 0x0000000086900000| PB 0x0000000086900000| Untracked 
| 106|0x0000000086a00000, 0x0000000086a00000, 0x0000000086b00000|  0%| F|  |TAMS 0x0000000086a00000| PB 0x0000000086a00000| Untracked 
| 107|0x0000000086b00000, 0x0000000086b00000, 0x0000000086c00000|  0%| F|  |TAMS 0x0000000086b00000| PB 0x0000000086b00000| Untracked 
| 108|0x0000000086c00000, 0x0000000086c00000, 0x0000000086d00000|  0%| F|  |TAMS 0x0000000086c00000| PB 0x0000000086c00000| Untracked 
| 109|0x0000000086d00000, 0x0000000086d00000, 0x0000000086e00000|  0%| F|  |TAMS 0x0000000086d00000| PB 0x0000000086d00000| Untracked 
| 110|0x0000000086e00000, 0x0000000086ea4aa8, 0x0000000086f00000| 64%| E|  |TAMS 0x0000000086e00000| PB 0x0000000086e00000| Complete 
| 111|0x0000000086f00000, 0x0000000087000000, 0x0000000087000000|100%| E|CS|TAMS 0x0000000086f00000| PB 0x0000000086f00000| Complete 
| 112|0x0000000087000000, 0x0000000087100000, 0x0000000087100000|100%| E|CS|TAMS 0x0000000087000000| PB 0x0000000087000000| Complete 
| 113|0x0000000087100000, 0x0000000087200000, 0x0000000087200000|100%| E|CS|TAMS 0x0000000087100000| PB 0x0000000087100000| Complete 
| 114|0x0000000087200000, 0x0000000087300000, 0x0000000087300000|100%| E|CS|TAMS 0x0000000087200000| PB 0x0000000087200000| Complete 
| 115|0x0000000087300000, 0x0000000087400000, 0x0000000087400000|100%| E|CS|TAMS 0x0000000087300000| PB 0x0000000087300000| Complete 
| 116|0x0000000087400000, 0x0000000087500000, 0x0000000087500000|100%| E|CS|TAMS 0x0000000087400000| PB 0x0000000087400000| Complete 
| 117|0x0000000087500000, 0x0000000087600000, 0x0000000087600000|100%| E|CS|TAMS 0x0000000087500000| PB 0x0000000087500000| Complete 
| 118|0x0000000087600000, 0x0000000087700000, 0x0000000087700000|100%| E|CS|TAMS 0x0000000087600000| PB 0x0000000087600000| Complete 
| 119|0x0000000087700000, 0x0000000087800000, 0x0000000087800000|100%| E|CS|TAMS 0x0000000087700000| PB 0x0000000087700000| Complete 
| 120|0x0000000087800000, 0x0000000087900000, 0x0000000087900000|100%| E|CS|TAMS 0x0000000087800000| PB 0x0000000087800000| Complete 
| 121|0x0000000087900000, 0x0000000087a00000, 0x0000000087a00000|100%| E|CS|TAMS 0x0000000087900000| PB 0x0000000087900000| Complete 
| 122|0x0000000087a00000, 0x0000000087b00000, 0x0000000087b00000|100%| E|CS|TAMS 0x0000000087a00000| PB 0x0000000087a00000| Complete 
| 123|0x0000000087b00000, 0x0000000087c00000, 0x0000000087c00000|100%| E|CS|TAMS 0x0000000087b00000| PB 0x0000000087b00000| Complete 
| 124|0x0000000087c00000, 0x0000000087d00000, 0x0000000087d00000|100%| E|  |TAMS 0x0000000087c00000| PB 0x0000000087c00000| Complete 
| 125|0x0000000087d00000, 0x0000000087e00000, 0x0000000087e00000|100%| E|CS|TAMS 0x0000000087d00000| PB 0x0000000087d00000| Complete 
| 126|0x0000000087e00000, 0x0000000087f00000, 0x0000000087f00000|100%| E|CS|TAMS 0x0000000087e00000| PB 0x0000000087e00000| Complete 
| 127|0x0000000087f00000, 0x0000000088000000, 0x0000000088000000|100%| E|CS|TAMS 0x0000000087f00000| PB 0x0000000087f00000| Complete 

Card table byte_map: [0x000001377a560000,0x000001377a960000] _byte_map_base: 0x000001377a160000

Marking Bits: (CMBitMap*) 0x0000013766f47bb0
 Bits: [0x000001377a960000, 0x000001377c960000)

Polling page: 0x0000013764c90000

Metaspace:

Usage:
  Non-class:      7.73 MB used.
      Class:      1.04 MB used.
       Both:      8.77 MB used.

Virtual space:
  Non-class space:       64.00 MB reserved,       7.94 MB ( 12%) committed,  1 nodes.
      Class space:        1.00 GB reserved,       1.25 MB ( <1%) committed,  1 nodes.
             Both:        1.06 GB reserved,       9.19 MB ( <1%) committed. 

Chunk freelists:
   Non-Class:  7.00 MB
       Class:  14.60 MB
        Both:  21.59 MB

MaxMetaspaceSize: unlimited
CompressedClassSpaceSize: 1.00 GB
Initial GC threshold: 21.00 MB
Current GC threshold: 21.00 MB
CDS: on
 - commit_granule_bytes: 65536.
 - commit_granule_words: 8192.
 - virtual_space_node_default_size: 8388608.
 - enlarge_chunks_in_place: 1.
 - use_allocation_guard: 0.


Internal statistics:

num_allocs_failed_limit: 0.
num_arena_births: 500.
num_arena_deaths: 0.
num_vsnodes_births: 2.
num_vsnodes_deaths: 0.
num_space_committed: 147.
num_space_uncommitted: 0.
num_chunks_returned_to_freelist: 0.
num_chunks_taken_from_freelist: 868.
num_chunk_merges: 0.
num_chunk_splits: 545.
num_chunks_enlarged: 253.
num_inconsistent_stats: 0.

CodeHeap 'non-profiled nmethods': size=120000Kb used=809Kb max_used=809Kb free=119190Kb
 bounds [0x0000013772a10000, 0x0000013772c80000, 0x0000013779f40000]
CodeHeap 'profiled nmethods': size=120000Kb used=4239Kb max_used=4239Kb free=115761Kb
 bounds [0x000001376af40000, 0x000001376b370000, 0x0000013772470000]
CodeHeap 'non-nmethods': size=5760Kb used=1370Kb max_used=1417Kb free=4389Kb
 bounds [0x0000013772470000, 0x00000137726e0000, 0x0000013772a10000]
CodeCache: size=245760Kb, used=6418Kb, max_used=6465Kb, free=239340Kb
 total_blobs=2767, nmethods=2236, adapters=435, full_count=0
Compilation: enabled, stopped_count=0, restarted_count=0

Compilation events (20 events):
Event: 262.495 Thread 0x000001377f3d8e80 nmethod 2227 0x000001376b35bb90 code [0x000001376b35bfa0, 0x000001376b35db78]
Event: 262.495 Thread 0x000001377f3d8e80 2228   !   3       java.io.ObjectOutputStream::defaultWriteFields (288 bytes)
Event: 262.503 Thread 0x000001377f3d8e80 nmethod 2228 0x000001376b35e690 code [0x000001376b35e940, 0x000001376b35f5e0]
Event: 262.503 Thread 0x000001377f3d8e80 2229       3       java.io.ObjectStreamClass::checkDefaultSerialize (20 bytes)
Event: 262.504 Thread 0x000001377f3d8e80 nmethod 2229 0x000001376b35fc90 code [0x000001376b35fe80, 0x000001376b360228]
Event: 301.242 Thread 0x000001377f3d76c0 2231       4       java.io.ObjectStreamClass::requireInitialized (19 bytes)
Event: 301.245 Thread 0x000001377f3d76c0 nmethod 2231 0x0000013772ada090 code [0x0000013772ada220, 0x0000013772ada2c8]
Event: 310.152 Thread 0x000001377f3d8e80 2232       3       java.io.ObjectStreamClass::getReflector (100 bytes)
Event: 310.159 Thread 0x000001377f3d8e80 nmethod 2232 0x000001376b360410 code [0x000001376b360640, 0x000001376b360f28]
Event: 316.692 Thread 0x000001377f3d8e80 2233       3       java.io.ObjectStreamClass::computeFieldOffsets (308 bytes)
Event: 316.709 Thread 0x000001377f3d8e80 nmethod 2233 0x000001376b361190 code [0x000001376b361400, 0x000001376b362180]
Event: 316.733 Thread 0x000001377f3d8e80 2234       3       java.rmi.server.UID::hashCode (11 bytes)
Event: 316.734 Thread 0x000001377f3d8e80 nmethod 2234 0x000001376b362610 code [0x000001376b3627a0, 0x000001376b3628b8]
Event: 316.746 Thread 0x000001377f3d8e80 2235   !   3       sun.nio.ch.NioSocketImpl::endWrite (58 bytes)
Event: 316.751 Thread 0x000001377f3d8e80 nmethod 2235 0x000001376b362990 code [0x000001376b362b80, 0x000001376b362fe8]
Event: 316.751 Thread 0x000001377f3d8e80 2236       3       java.lang.ThreadLocal::get (35 bytes)
Event: 316.760 Thread 0x000001377f3d8e80 nmethod 2236 0x000001376b363290 code [0x000001376b363460, 0x000001376b363768]
Event: 335.419 Thread 0x000001377f3d8e80 2238       3       java.lang.Thread::onSpinWait (1 bytes)
Event: 335.420 Thread 0x000001377f3d8e80 nmethod 2238 0x000001376b363910 code [0x000001376b363aa0, 0x000001376b363b88]
Event: 335.455 Thread 0x000001377f3d76c0 2239       4       java.lang.invoke.MethodType::makeImpl (109 bytes)

GC Heap History (2 events):
Event: 9.999 GC heap before
{Heap before GC invocations=0 (full 0):
 garbage-first heap   total 131072K, used 25600K [0x0000000080000000, 0x0000000100000000)
  region size 1024K, 23 young (23552K), 0 survivors (0K)
 Metaspace       used 5254K, committed 5632K, reserved 1114112K
  class space    used 719K, committed 896K, reserved 1048576K
}
Event: 10.010 GC heap after
{Heap after GC invocations=1 (full 0):
 garbage-first heap   total 131072K, used 7040K [0x0000000080000000, 0x0000000100000000)
  region size 1024K, 3 young (3072K), 3 survivors (3072K)
 Metaspace       used 5254K, committed 5632K, reserved 1114112K
  class space    used 719K, committed 896K, reserved 1048576K
}

Dll operation events (2 events):
Event: 0.032 Loaded shared library C:\Users\SOUMYA\AppData\Local\Programs\IntelliJ IDEA Ultimate\jbr\bin\java.dll
Event: 0.243 Loaded shared library C:\Users\SOUMYA\AppData\Local\Programs\IntelliJ IDEA Ultimate\jbr\bin\zip.dll

Deoptimization events (20 events):
Event: 26.577 Thread 0x00000137462793b0 Uncommon trap: trap_request=0xffffffc6 fr.pc=0x0000013772ab77b0 relative=0x0000000000000d10
Event: 26.577 Thread 0x00000137462793b0 Uncommon trap: reason=bimorphic_or_optimized_type_check action=maybe_recompile pc=0x0000013772ab77b0 method=java.util.HashMap.putVal(ILjava/lang/Object;Ljava/lang/Object;ZZ)Ljava/lang/Object; @ 56 c2
Event: 26.577 Thread 0x00000137462793b0 DEOPT PACKING pc=0x0000013772ab77b0 sp=0x0000002da4bfe290
Event: 26.577 Thread 0x00000137462793b0 DEOPT UNPACKING pc=0x00000137724c4422 sp=0x0000002da4bfe1c0 mode 2
Event: 26.577 Thread 0x00000137462793b0 Uncommon trap: trap_request=0xffffffc6 fr.pc=0x0000013772ab77b0 relative=0x0000000000000d10
Event: 26.577 Thread 0x00000137462793b0 Uncommon trap: reason=bimorphic_or_optimized_type_check action=maybe_recompile pc=0x0000013772ab77b0 method=java.util.HashMap.putVal(ILjava/lang/Object;Ljava/lang/Object;ZZ)Ljava/lang/Object; @ 56 c2
Event: 26.577 Thread 0x00000137462793b0 DEOPT PACKING pc=0x0000013772ab77b0 sp=0x0000002da4bfe290
Event: 26.577 Thread 0x00000137462793b0 DEOPT UNPACKING pc=0x00000137724c4422 sp=0x0000002da4bfe1c0 mode 2
Event: 26.577 Thread 0x00000137462793b0 Uncommon trap: trap_request=0xffffffc6 fr.pc=0x0000013772ab77b0 relative=0x0000000000000d10
Event: 26.577 Thread 0x00000137462793b0 Uncommon trap: reason=bimorphic_or_optimized_type_check action=maybe_recompile pc=0x0000013772ab77b0 method=java.util.HashMap.putVal(ILjava/lang/Object;Ljava/lang/Object;ZZ)Ljava/lang/Object; @ 56 c2
Event: 26.577 Thread 0x00000137462793b0 DEOPT PACKING pc=0x0000013772ab77b0 sp=0x0000002da4bfe290
Event: 26.577 Thread 0x00000137462793b0 DEOPT UNPACKING pc=0x00000137724c4422 sp=0x0000002da4bfe1c0 mode 2
Event: 26.577 Thread 0x00000137462793b0 Uncommon trap: trap_request=0xffffffc6 fr.pc=0x0000013772ab77b0 relative=0x0000000000000d10
Event: 26.577 Thread 0x00000137462793b0 Uncommon trap: reason=bimorphic_or_optimized_type_check action=maybe_recompile pc=0x0000013772ab77b0 method=java.util.HashMap.putVal(ILjava/lang/Object;Ljava/lang/Object;ZZ)Ljava/lang/Object; @ 56 c2
Event: 26.577 Thread 0x00000137462793b0 DEOPT PACKING pc=0x0000013772ab77b0 sp=0x0000002da4bfe290
Event: 26.577 Thread 0x00000137462793b0 DEOPT UNPACKING pc=0x00000137724c4422 sp=0x0000002da4bfe1c0 mode 2
Event: 301.150 Thread 0x0000013746278000 Uncommon trap: trap_request=0xffffff45 fr.pc=0x0000013772ad7d68 relative=0x0000000000000128
Event: 301.151 Thread 0x0000013746278000 Uncommon trap: reason=unstable_if action=reinterpret pc=0x0000013772ad7d68 method=java.lang.ThreadLocal.get(Ljava/lang/Thread;)Ljava/lang/Object; @ 7 c2
Event: 301.152 Thread 0x0000013746278000 DEOPT PACKING pc=0x0000013772ad7d68 sp=0x0000002da4cfebd0
Event: 301.154 Thread 0x0000013746278000 DEOPT UNPACKING pc=0x00000137724c4422 sp=0x0000002da4cfeb68 mode 2

Classes loaded (20 events):
Event: 10.539 Loading class com/sun/crypto/provider/PBKDF2Core done
Event: 10.539 Loading class com/sun/crypto/provider/PBKDF2Core$HmacSHA256 done
Event: 10.540 Loading class javax/crypto/spec/PBEKeySpec
Event: 10.540 Loading class javax/crypto/spec/PBEKeySpec done
Event: 10.541 Loading class com/sun/crypto/provider/PBKDF2KeyImpl
Event: 10.541 Loading class javax/crypto/interfaces/PBEKey
Event: 10.541 Loading class javax/crypto/interfaces/PBEKey done
Event: 10.542 Loading class com/sun/crypto/provider/PBKDF2KeyImpl done
Event: 10.546 Loading class com/sun/crypto/provider/PBKDF2KeyImpl$1
Event: 10.547 Loading class com/sun/crypto/provider/PBKDF2KeyImpl$1 done
Event: 10.761 Loading class java/util/SimpleTimeZone
Event: 10.762 Loading class java/util/SimpleTimeZone done
Event: 10.775 Loading class java/time/LocalDateTime$1
Event: 10.776 Loading class java/time/LocalDateTime$1 done
Event: 10.776 Loading class java/time/chrono/IsoEra
Event: 10.776 Loading class java/time/chrono/Era
Event: 10.777 Loading class java/time/chrono/Era done
Event: 10.777 Loading class java/time/chrono/IsoEra done
Event: 20.897 Loading class java/lang/invoke/BoundMethodHandle$Species_LI
Event: 20.897 Loading class java/lang/invoke/BoundMethodHandle$Species_LI done

Classes unloaded (0 events):
No events

Classes redefined (0 events):
No events

Internal exceptions (20 events):
Event: 9.762 Thread 0x00000137462793b0 Exception <a 'java/lang/NoSuchMethodError'{0x0000000086b88db0}: 'java.lang.Object java.lang.invoke.Invokers$Holder.invokeExact_MT(java.lang.Object, java.lang.Object, java.lang.Object, java.lang.Object, java.lang.Object, java.lang.Object)'> (0x0000000086b88db0) 
thrown [s\src\hotspot\share\interpreter\linkResolver.cpp, line 784]
Event: 9.998 Thread 0x00000137462793b0 Exception <a 'java/lang/NoSuchMethodError'{0x00000000869fe938}: method resolution failed> (0x00000000869fe938) 
thrown [s\src\hotspot\share\prims\methodHandles.cpp, line 1136]
Event: 10.015 Thread 0x00000137462793b0 Exception <a 'java/lang/NoSuchMethodError'{0x0000000087f08e50}: 'java.lang.Object java.lang.invoke.Invokers$Holder.invokeExact_MT(java.lang.Object, java.lang.Object, java.lang.Object, java.lang.Object, java.lang.Object)'> (0x0000000087f08e50) 
thrown [s\src\hotspot\share\interpreter\linkResolver.cpp, line 784]
Event: 10.056 Thread 0x00000137462793b0 Exception <a 'java/lang/NoSuchMethodError'{0x0000000087e45fe8}: 'java.lang.Object java.lang.invoke.DirectMethodHandle$Holder.invokeVirtual(java.lang.Object, java.lang.Object, java.lang.Object, java.lang.Object)'> (0x0000000087e45fe8) 
thrown [s\src\hotspot\share\interpreter\linkResolver.cpp, line 784]
Event: 10.059 Thread 0x00000137462793b0 Exception <a 'java/lang/NoSuchMethodError'{0x0000000087e4db30}: 'void java.lang.invoke.DirectMethodHandle$Holder.invokeStatic(java.lang.Object, java.lang.Object, java.lang.Object, java.lang.Object)'> (0x0000000087e4db30) 
thrown [s\src\hotspot\share\interpreter\linkResolver.cpp, line 784]
Event: 10.089 Thread 0x00000137462793b0 Exception <a 'java/lang/IncompatibleClassChangeError'{0x0000000087ebdca0}: Found class java.lang.Object, but interface was expected> (0x0000000087ebdca0) 
thrown [s\src\hotspot\share\interpreter\linkResolver.cpp, line 851]
Event: 10.510 Thread 0x00000137462793b0 Exception <a 'sun/nio/fs/WindowsException'{0x0000000087ab9ee0}> (0x0000000087ab9ee0) 
thrown [s\src\hotspot\share\prims\jni.cpp, line 537]
Event: 10.872 Thread 0x00000137462793b0 Exception <a 'java/lang/NoSuchMethodError'{0x00000000877d8c98}: 'java.lang.Object java.lang.invoke.DirectMethodHandle$Holder.newInvokeSpecial(java.lang.Object, java.lang.Object, int)'> (0x00000000877d8c98) 
thrown [s\src\hotspot\share\interpreter\linkResolver.cpp, line 784]
Event: 13.059 Thread 0x00000137462793b0 Exception <a 'java/lang/NoSuchMethodError'{0x0000000087552560}: 'void java.lang.invoke.DirectMethodHandle$Holder.invokeInterface(java.lang.Object, java.lang.Object, java.lang.Object, java.lang.Object)'> (0x0000000087552560) 
thrown [s\src\hotspot\share\interpreter\linkResolver.cpp, line 784]
Event: 13.060 Thread 0x00000137462793b0 Exception <a 'java/lang/NoSuchMethodError'{0x00000000875561c0}: 'void java.lang.invoke.DirectMethodHandle$Holder.invokeSpecial(java.lang.Object, java.lang.Object, java.lang.Object, java.lang.Object, java.lang.Object)'> (0x00000000875561c0) 
thrown [s\src\hotspot\share\interpreter\linkResolver.cpp, line 784]
Event: 20.894 Thread 0x00000137462793b0 Exception <a 'java/lang/NoSuchMethodError'{0x0000000087326018}: 'int java.lang.invoke.DirectMethodHandle$Holder.invokeInterface(java.lang.Object, java.lang.Object, int)'> (0x0000000087326018) 
thrown [s\src\hotspot\share\interpreter\linkResolver.cpp, line 784]
Event: 20.896 Thread 0x00000137462793b0 Exception <a 'java/lang/NoSuchMethodError'{0x000000008732a468}: 'int java.lang.invoke.DirectMethodHandle$Holder.invokeSpecial(java.lang.Object, java.lang.Object, java.lang.Object, int)'> (0x000000008732a468) 
thrown [s\src\hotspot\share\interpreter\linkResolver.cpp, line 784]
Event: 20.899 Thread 0x00000137462793b0 Exception <a 'java/lang/NoSuchMethodError'{0x000000008733c948}: 'java.lang.Object java.lang.invoke.DirectMethodHandle$Holder.invokeStatic(java.lang.Object, java.lang.Object, java.lang.Object, java.lang.Object, int)'> (0x000000008733c948) 
thrown [s\src\hotspot\share\interpreter\linkResolver.cpp, line 784]
Event: 20.944 Thread 0x00000137462793b0 Exception <a 'java/lang/NoSuchMethodError'{0x00000000873679d8}: 'void java.lang.invoke.DirectMethodHandle$Holder.invokeInterface(java.lang.Object, java.lang.Object, int)'> (0x00000000873679d8) 
thrown [s\src\hotspot\share\interpreter\linkResolver.cpp, line 784]
Event: 20.945 Thread 0x00000137462793b0 Exception <a 'java/lang/NoSuchMethodError'{0x000000008736b860}: 'void java.lang.invoke.DelegatingMethodHandle$Holder.reinvoke_L(java.lang.Object, java.lang.Object, int)'> (0x000000008736b860) 
thrown [s\src\hotspot\share\interpreter\linkResolver.cpp, line 784]
Event: 26.348 Thread 0x00000137462793b0 Exception <a 'java/lang/NoSuchMethodError'{0x000000008719e450}: 'java.lang.Object java.lang.invoke.DirectMethodHandle$Holder.invokeInterface(java.lang.Object, java.lang.Object, int)'> (0x000000008719e450) 
thrown [s\src\hotspot\share\interpreter\linkResolver.cpp, line 784]
Event: 26.366 Thread 0x00000137462793b0 Exception <a 'java/lang/NoSuchMethodError'{0x00000000871eb9d0}: static [Ljava/lang/Object;.<clinit>()V> (0x00000000871eb9d0) 
thrown [s\src\hotspot\share\prims\jni.cpp, line 1144]
Event: 26.678 Thread 0x00000137462793b0 Exception <a 'java/lang/NoSuchMethodError'{0x00000000870952f8}: 'int java.lang.invoke.DirectMethodHandle$Holder.invokeInterface(java.lang.Object, java.lang.Object, int, int)'> (0x00000000870952f8) 
thrown [s\src\hotspot\share\interpreter\linkResolver.cpp, line 784]
Event: 26.687 Thread 0x00000137462793b0 Exception <a 'java/lang/NoSuchMethodError'{0x00000000870b00d8}: static Lcom/intellij/database/remote/jdbc/RemoteResultSet$DataRetrievingOptions;.<clinit>()V> (0x00000000870b00d8) 
thrown [s\src\hotspot\share\prims\jni.cpp, line 1144]
Event: 301.149 Thread 0x0000013746278000 Implicit null exception at 0x0000013772ad7c87 to 0x0000013772ad7d50

ZGC Phase Switch (0 events):
No events

VM Operations (20 events):
Event: 46.375 Executing VM operation: Cleanup
Event: 46.375 Executing VM operation: Cleanup done
Event: 55.443 Executing VM operation: Cleanup
Event: 55.443 Executing VM operation: Cleanup done
Event: 60.144 Executing VM operation: HandshakeAllThreads (HandshakeForDeflation)
Event: 60.144 Executing VM operation: HandshakeAllThreads (HandshakeForDeflation) done
Event: 60.145 Executing VM operation: RendezvousGCThreads
Event: 60.145 Executing VM operation: RendezvousGCThreads done
Event: 64.193 Executing VM operation: Cleanup
Event: 64.193 Executing VM operation: Cleanup done
Event: 73.287 Executing VM operation: Cleanup
Event: 73.287 Executing VM operation: Cleanup done
Event: 118.780 Executing VM operation: Cleanup
Event: 118.780 Executing VM operation: Cleanup done
Event: 136.928 Executing VM operation: Cleanup
Event: 136.928 Executing VM operation: Cleanup done
Event: 263.071 Executing VM operation: Cleanup
Event: 263.071 Executing VM operation: Cleanup done
Event: 301.411 Executing VM operation: Cleanup
Event: 301.414 Executing VM operation: Cleanup done

Memory protections (0 events):
No events

Nmethod flushes (0 events):
No events

Events (20 events):
Event: 10.480 Loaded shared library C:\Users\SOUMYA\AppData\Local\Programs\IntelliJ IDEA Ultimate\jbr\bin\sunmscapi.dll
Event: 10.858 Thread 0x00000137462793b0 Thread added: 0x0000013746279a40
Event: 17.574 Thread 0x000001377f3d8e80 Thread added: 0x000001374667a010
Event: 18.413 Thread 0x000001374667a010 Thread exited: 0x000001374667a010
Event: 26.281 Thread 0x00000137460b8440 Thread added: 0x0000013746278d20
Event: 26.281 Thread 0x00000137460b8440 Thread added: 0x000001374627a0d0
Event: 26.281 Thread 0x00000137460b8440 Thread added: 0x0000013746276c50
Event: 26.281 Thread 0x00000137460b8440 Thread added: 0x00000137462772e0
Event: 26.282 Thread 0x00000137462772e0 Thread exited: 0x00000137462772e0
Event: 26.282 Thread 0x0000013746278d20 Thread exited: 0x0000013746278d20
Event: 26.282 Thread 0x0000013746276c50 Thread exited: 0x0000013746276c50
Event: 26.282 Thread 0x000001374627a0d0 Thread exited: 0x000001374627a0d0
Event: 33.576 Thread 0x00000137462793b0 Thread added: 0x0000013746277970
Event: 33.576 Thread 0x00000137462793b0 Thread added: 0x00000137462772e0
Event: 33.577 Thread 0x00000137462793b0 Thread added: 0x0000013746278d20
Event: 33.577 Thread 0x00000137462772e0 Thread exited: 0x00000137462772e0
Event: 33.578 Thread 0x0000013746278d20 Thread exited: 0x0000013746278d20
Event: 33.578 Thread 0x0000013746277970 Thread exited: 0x0000013746277970
Event: 90.994 Thread 0x0000013746050280 Thread exited: 0x0000013746050280
Event: 106.000 Thread 0x00000137460b8440 Thread exited: 0x00000137460b8440


Dynamic libraries:
0x00007ff6068d0000 - 0x00007ff6068da000 	C:\Users\SOUMYA\AppData\Local\Programs\IntelliJ IDEA Ultimate\jbr\bin\java.exe
0x00007ff80eac0000 - 0x00007ff80ed27000 	C:\WINDOWS\SYSTEM32\ntdll.dll
0x00007ff80dba0000 - 0x00007ff80dc69000 	C:\WINDOWS\System32\KERNEL32.DLL
0x00007ff80c270000 - 0x00007ff80c65f000 	C:\WINDOWS\System32\KERNELBASE.dll
0x00007ff80bd00000 - 0x00007ff80be4b000 	C:\WINDOWS\System32\ucrtbase.dll
0x00007ffffc3d0000 - 0x00007ffffc3eb000 	C:\Users\SOUMYA\AppData\Local\Programs\IntelliJ IDEA Ultimate\jbr\bin\VCRUNTIME140.dll
0x00007ff801380000 - 0x00007ff801398000 	C:\Users\SOUMYA\AppData\Local\Programs\IntelliJ IDEA Ultimate\jbr\bin\jli.dll
0x00007ff80c990000 - 0x00007ff80cb55000 	C:\WINDOWS\System32\USER32.dll
0x00007ff80bcd0000 - 0x00007ff80bcf7000 	C:\WINDOWS\System32\win32u.dll
0x00007ff80e660000 - 0x00007ff80e68b000 	C:\WINDOWS\System32\GDI32.dll
0x00007ff80bfc0000 - 0x00007ff80c0ec000 	C:\WINDOWS\System32\gdi32full.dll
0x00007ffff8990000 - 0x00007ffff8c23000 	C:\WINDOWS\WinSxS\amd64_microsoft.windows.common-controls_6595b64144ccf1df_6.0.26100.7309_none_3e05feeae336a044\COMCTL32.dll
0x00007ff80e5b0000 - 0x00007ff80e659000 	C:\WINDOWS\System32\msvcrt.dll
0x00007ff80c670000 - 0x00007ff80c713000 	C:\WINDOWS\System32\msvcp_win.dll
0x00007ff80d430000 - 0x00007ff80d461000 	C:\WINDOWS\System32\IMM32.DLL
0x00007ff8012e0000 - 0x00007ff8012ec000 	C:\Users\SOUMYA\AppData\Local\Programs\IntelliJ IDEA Ultimate\jbr\bin\vcruntime140_1.dll
0x00007fffd1c70000 - 0x00007fffd1cfd000 	C:\Users\SOUMYA\AppData\Local\Programs\IntelliJ IDEA Ultimate\jbr\bin\msvcp140.dll
0x00007fff85a70000 - 0x00007fff8683d000 	C:\Users\SOUMYA\AppData\Local\Programs\IntelliJ IDEA Ultimate\jbr\bin\server\jvm.dll
0x00007ff80cb60000 - 0x00007ff80cc14000 	C:\WINDOWS\System32\ADVAPI32.dll
0x00007ff80cc20000 - 0x00007ff80ccc6000 	C:\WINDOWS\System32\sechost.dll
0x00007ff80e7f0000 - 0x00007ff80e908000 	C:\WINDOWS\System32\RPCRT4.dll
0x00007ff80e690000 - 0x00007ff80e704000 	C:\WINDOWS\System32\WS2_32.dll
0x00007ff80ba70000 - 0x00007ff80bace000 	C:\WINDOWS\SYSTEM32\POWRPROF.dll
0x00007ff803d30000 - 0x00007ff803d65000 	C:\WINDOWS\SYSTEM32\WINMM.dll
0x00007ff803d70000 - 0x00007ff803d7b000 	C:\WINDOWS\SYSTEM32\VERSION.dll
0x00007ff80ba50000 - 0x00007ff80ba64000 	C:\WINDOWS\SYSTEM32\UMPDC.dll
0x00007ff80a9c0000 - 0x00007ff80a9db000 	C:\WINDOWS\SYSTEM32\kernel.appcore.dll
0x00007ffffca60000 - 0x00007ffffca6a000 	C:\Users\SOUMYA\AppData\Local\Programs\IntelliJ IDEA Ultimate\jbr\bin\jimage.dll
0x00007ff800470000 - 0x00007ff8006b2000 	C:\WINDOWS\SYSTEM32\DBGHELP.DLL
0x00007ff80d710000 - 0x00007ff80da95000 	C:\WINDOWS\System32\combase.dll
0x00007ff80e710000 - 0x00007ff80e7e6000 	C:\WINDOWS\System32\OLEAUT32.dll
0x00007fffd1a30000 - 0x00007fffd1a6c000 	C:\WINDOWS\SYSTEM32\dbgcore.DLL
0x00007ff80c720000 - 0x00007ff80c7c5000 	C:\WINDOWS\System32\bcryptPrimitives.dll
0x00007ffffc3b0000 - 0x00007ffffc3d0000 	C:\Users\SOUMYA\AppData\Local\Programs\IntelliJ IDEA Ultimate\jbr\bin\java.dll
0x00007ff80ccd0000 - 0x00007ff80d423000 	C:\WINDOWS\System32\SHELL32.dll
0x00007ff80be50000 - 0x00007ff80bfba000 	C:\WINDOWS\System32\wintypes.dll
0x00007ff809800000 - 0x00007ff80a05e000 	C:\WINDOWS\SYSTEM32\windows.storage.dll
0x00007ff80e100000 - 0x00007ff80e1f5000 	C:\WINDOWS\System32\SHCORE.dll
0x00007ff80c870000 - 0x00007ff80c8d6000 	C:\WINDOWS\System32\shlwapi.dll
0x00007ff80bb30000 - 0x00007ff80bb59000 	C:\WINDOWS\SYSTEM32\profapi.dll
0x00007ffffc3a0000 - 0x00007ffffc3b0000 	C:\Users\SOUMYA\AppData\Local\Programs\IntelliJ IDEA Ultimate\jbr\bin\net.dll
0x00007ff8010e0000 - 0x00007ff801208000 	C:\WINDOWS\SYSTEM32\WINHTTP.dll
0x00007ff80af30000 - 0x00007ff80af9b000 	C:\WINDOWS\system32\mswsock.dll
0x00007ffffc340000 - 0x00007ffffc356000 	C:\Users\SOUMYA\AppData\Local\Programs\IntelliJ IDEA Ultimate\jbr\bin\nio.dll
0x00007ffffc360000 - 0x00007ffffc378000 	C:\Users\SOUMYA\AppData\Local\Programs\IntelliJ IDEA Ultimate\jbr\bin\zip.dll
0x00007ff80a380000 - 0x00007ff80a3b4000 	C:\WINDOWS\SYSTEM32\IPHLPAPI.DLL
0x00007ff80c860000 - 0x00007ff80c86a000 	C:\WINDOWS\System32\NSI.dll
0x00007ff80b1f0000 - 0x00007ff80b20b000 	C:\WINDOWS\SYSTEM32\CRYPTSP.dll
0x00007ff80a920000 - 0x00007ff80a95a000 	C:\WINDOWS\system32\rsaenh.dll
0x00007ff80afe0000 - 0x00007ff80b00b000 	C:\WINDOWS\SYSTEM32\USERENV.dll
0x00007ff80bb00000 - 0x00007ff80bb2a000 	C:\WINDOWS\SYSTEM32\bcrypt.dll
0x00007ff80b210000 - 0x00007ff80b21c000 	C:\WINDOWS\SYSTEM32\CRYPTBASE.dll
0x00007ffffbfb0000 - 0x00007ffffbfb9000 	C:\Users\SOUMYA\AppData\Local\Programs\IntelliJ IDEA Ultimate\jbr\bin\extnet.dll
0x00007fffffec0000 - 0x00007fffffec7000 	C:\Users\SOUMYA\AppData\Local\Programs\IntelliJ IDEA Ultimate\jbr\bin\rmi.dll
0x00007ff80a420000 - 0x00007ff80a54c000 	C:\WINDOWS\SYSTEM32\DNSAPI.dll
0x00007ff803ce0000 - 0x00007ff803ceb000 	C:\Windows\System32\rasadhlp.dll
0x00007fffff930000 - 0x00007fffff9b6000 	C:\WINDOWS\System32\fwpuclnt.dll
0x00007ffffbeb0000 - 0x00007ffffbeb9000 	C:\Users\SOUMYA\AppData\Local\Programs\IntelliJ IDEA Ultimate\jbr\bin\management.dll
0x00007ffffbcf0000 - 0x00007ffffbcfb000 	C:\Users\SOUMYA\AppData\Local\Programs\IntelliJ IDEA Ultimate\jbr\bin\management_ext.dll
0x00007ff80daa0000 - 0x00007ff80daa8000 	C:\WINDOWS\System32\PSAPI.DLL
0x00007ffffc320000 - 0x00007ffffc32e000 	C:\Users\SOUMYA\AppData\Local\Programs\IntelliJ IDEA Ultimate\jbr\bin\sunmscapi.dll
0x00007ff80c0f0000 - 0x00007ff80c267000 	C:\WINDOWS\System32\CRYPT32.dll
0x00007ff80b410000 - 0x00007ff80b440000 	C:\WINDOWS\SYSTEM32\ncrypt.dll
0x00007ff80b3c0000 - 0x00007ff80b3ff000 	C:\WINDOWS\SYSTEM32\NTASN1.dll

JVMTI agents: none

dbghelp: loaded successfully - version: 4.0.5 - missing functions: none
symbol engine: initialized successfully - sym options: 0x614 - pdb path: .;C:\Users\SOUMYA\AppData\Local\Programs\IntelliJ IDEA Ultimate\jbr\bin;C:\WINDOWS\SYSTEM32;C:\WINDOWS\WinSxS\amd64_microsoft.windows.common-controls_6595b64144ccf1df_6.0.26100.7309_none_3e05feeae336a044;C:\Users\SOUMYA\AppData\Local\Programs\IntelliJ IDEA Ultimate\jbr\bin\server

VM Arguments:
jvm_args: -Djava.rmi.server.hostname=127.0.0.1 -Duser.timezone=UTC -Xmx2048m -Xms128m --add-exports=java.desktop/sun.awt=ALL-UNNAMED --add-exports=java.desktop/java.awt.peer=ALL-UNNAMED --add-opens=java.desktop/java.awt=ALL-UNNAMED --add-opens=jdk.unsupported/sun.misc=ALL-UNNAMED --add-opens=java.base/java.nio=ALL-UNNAMED --add-opens=java.base/java.util=ALL-UNNAMED -Dfile.encoding=UTF-8 -Dsun.stdout.encoding=UTF-8 -Dsun.stderr.encoding=UTF-8 
java_command: com.intellij.database.remote.RemoteJdbcServer org.postgresql.Driver
java_class_path (initial): C:\Users\SOUMYA\AppData\Local\Programs\IntelliJ IDEA Ultimate\lib\util_rt.jar;C:\Users\SOUMYA\AppData\Local\Programs\IntelliJ IDEA Ultimate\lib\module-intellij.libraries.fastutil.jar;C:\Users\SOUMYA\AppData\Local\Programs\IntelliJ IDEA Ultimate\lib\groovy.jar;C:\Users\SOUMYA\AppData\Local\Programs\IntelliJ IDEA Ultimate\plugins\DatabaseTools\lib\modules\intellij.database.jdbcConsole.jar;C:\Users\SOUMYA\AppData\Local\Programs\IntelliJ IDEA Ultimate\lib\modules\intellij.grid.types.jar;C:\Users\SOUMYA\AppData\Local\Programs\IntelliJ IDEA Ultimate\lib\util.jar;C:\Users\SOUMYA\AppData\Local\Programs\IntelliJ IDEA Ultimate\lib\module-intellij.libraries.bouncy.castle.provider.jar
Launcher Type: SUN_STANDARD

[Global flags]
     intx CICompilerCount                          = 4                                         {product} {ergonomic}
     uint ConcGCThreads                            = 2                                         {product} {ergonomic}
     uint G1ConcRefinementThreads                  = 8                                         {product} {ergonomic}
   size_t G1HeapRegionSize                         = 1048576                                   {product} {ergonomic}
    uintx GCDrainStackTargetSize                   = 64                                        {product} {ergonomic}
   size_t InitialHeapSize                          = 134217728                                 {product} {command line}
   size_t MarkStackSize                            = 4194304                                   {product} {ergonomic}
   size_t MaxHeapSize                              = 2147483648                                {product} {command line}
   size_t MaxNewSize                               = 1287651328                                {product} {ergonomic}
   size_t MinHeapDeltaBytes                        = 1048576                                   {product} {ergonomic}
   size_t MinHeapSize                              = 134217728                                 {product} {command line}
    uintx NonNMethodCodeHeapSize                   = 5839372                                {pd product} {ergonomic}
    uintx NonProfiledCodeHeapSize                  = 122909434                              {pd product} {ergonomic}
    uintx ProfiledCodeHeapSize                     = 122909434                              {pd product} {ergonomic}
    uintx ReservedCodeCacheSize                    = 251658240                              {pd product} {ergonomic}
     bool SegmentedCodeCache                       = true                                      {product} {ergonomic}
   size_t SoftMaxHeapSize                          = 2147483648                             {manageable} {ergonomic}
     bool UseCompressedOops                        = true                           {product lp64_product} {ergonomic}
     bool UseG1GC                                  = true                                      {product} {ergonomic}
     bool UseLargePagesIndividualAllocation        = false                                  {pd product} {ergonomic}

Logging:
Log output configuration:
 #0: stdout all=warning uptime,level,tags foldmultilines=false
 #1: stderr all=off uptime,level,tags foldmultilines=false

Release file:
JAVA_VERSION="21.0.9" 
MODULES="java.base java.datatransfer java.xml java.prefs java.desktop gluegen.rt java.compiler java.instrument java.logging java.management java.security.sasl java.naming java.rmi java.management.rmi java.net.http java.scripting java.security.jgss java.transaction.xa java.sql java.sql.rowset java.xml.crypto java.se java.smartcardio jogl.all jcef jdk.accessibility jdk.internal.jvmstat jdk.attach jdk.charsets jdk.internal.opt jdk.zipfs jdk.compiler jdk.crypto.ec jdk.crypto.cryptoki jdk.crypto.mscapi jdk.dynalink jdk.hotspot.agent jdk.httpserver jdk.internal.ed jdk.internal.le jdk.internal.vm.ci jdk.javadoc jdk.jcmd jdk.jdwp.agent jdk.jdi jdk.jfr jdk.jsobject jdk.localedata jdk.management jdk.management.agent jdk.management.jfr jdk.naming.dns jdk.naming.rmi jdk.net jdk.sctp jdk.security.auth jdk.security.jgss jdk.unsupported jdk.unsupported.desktop jdk.xml.dom" 
IMPLEMENTOR="JetBrains s.r.o." 
IMPLEMENTOR_VERSION="JBR-21.0.9+1-1163.86-jcef" 
JAVA_RUNTIME_VERSION="21.0.9+1-b1163.86" 
LIBC="default" 
OS_ARCH="x86_64" 
OS_NAME="Windows" 
SOURCE=".:git:1a60506bbd2d+ jcef_git:git:4a605f44671a" 
JCEF_VERSION="137.0.17.1086+g6f9ab69" 
JCEF_COMMIT_HASH="6f9ab690b28a1262f82e6f869c310bdf1d0697ac" 

Environment Variables:
JAVA_HOME=C:\Program Files\Java\jdk-25
PATH=D:\WINDOWS.X64_213000_db_home\bin;C:\Program Files\Common Files\Oracle\Java\javapath;C:\Program Files\Java\jdk-25\bin;D:\gradle-8.14\bin;C:\Program Files\Apache\apache-maven-3.9.11\bin;C:\apache-tomcat-9.0.93\bin;C:\oraclexe\app\oracle\product\11.2.0\server\bin;D:\dataa\WINDOWS.X64_213000_db_home\bin;C:\Python311\Scripts\;C:\Python311\;C:\WINDOWS\system32;C:\WINDOWS;C:\WINDOWS\System32\Wbem;C:\WINDOWS\System32\WindowsPowerShell\v1.0\;C:\WINDOWS\System32\OpenSSH\;C:\Program Files\dotnet\;C:\mingw64\bin;C:\nodejs\;C:\Program Files\Git\cmd;C:\Program Files\MySQL\MySQL Server 8.0\bin;C:\Go\bin;C:\Program Files\Docker\Docker\resources\bin;C:\sqlite3-tools\;C:\Users\SOUMYA\AppData\Local\Microsoft\WindowsApps;C:\Program Files\JetBrains\PyCharm 2024.2.1\bin;C:\Program Files\JetBrains\IntelliJ IDEA 2024.2.1\bin;C:\Users\SOUMYA\AppData\Local\Programs\Microsoft VS Code\bin;C:\Users\SOUMYA\AppData\Local\JetBrains\Toolbox\scripts;C:\Users\SOUMYA\AppData\Local\Microsoft\WinGet\Packages\Schniz.fnm_Microsoft.Winget.Source_8wekyb3d8bbwe;C:\Users\SOUMYA\AppData\Roaming\npm;C:\Users\SOUMYA\go\bin;c:\users\soumya\.local\bin;C:\Users\SOUMYA\AppData\Local\Microsoft\WindowsApps
USERNAME=SOUMYA
OS=Windows_NT
PROCESSOR_IDENTIFIER=AMD64 Family 23 Model 24 Stepping 1, AuthenticAMD
TMP=C:\Users\SOUMYA\AppData\Local\Temp
TEMP=C:\Users\SOUMYA\AppData\Local\Temp




Periodic native trim disabled

JNI global refs:
JNI global refs: 17, weak refs: 0

JNI global refs memory usage: 835, weak refs: 201

Process memory usage:
Resident Set Size: 22052K (0% of 6174988K total physical memory with 434428K free physical memory)

OOME stack traces (most recent first):
Classloader memory used:
Loader bootstrap                                                                       : 3609K
Loader jdk.internal.loader.ClassLoaders$AppClassLoader                                 : 3115K
Loader com.intellij.database.remote.jdbc.impl.JdbcClassLoader$JdbcClassLoaderImpl      : 1718K
Loader jdk.internal.loader.ClassLoaders$PlatformClassLoader                            : 420K
Loader jdk.internal.reflect.DelegatingClassLoader                                      : 119K

---------------  S Y S T E M  ---------------

OS:
 Windows 11 , 64 bit Build 26100 (10.0.26100.7309)
OS uptime: 0 days 16:25 hours
Hyper-V role detected

CPU: total 8 (initial active 8) (8 cores per cpu, 2 threads per core) family 23 model 24 stepping 1 microcode 0x810810e, cx8, cmov, fxsr, ht, mmx, 3dnowpref, sse, sse2, sse3, ssse3, sse4a, sse4.1, sse4.2, popcnt, lzcnt, tsc, tscinvbit, avx, avx2, aes, clmul, bmi1, bmi2, adx, sha, fma, vzeroupper, clflush, clflushopt, hv, rdtscp, f16c
Processor Information for the first 8 processors :
  Max Mhz: 2100, Current Mhz: 2100, Mhz Limit: 2100

Memory: 4k page, system-wide physical 6030M (504M free)
TotalPageFile size 24462M (AvailPageFile size 115M)
current process WorkingSet (physical memory assigned to process): 29M, peak: 125M
current process commit charge ("private bytes"): 246M, peak: 272M

vm_info: OpenJDK 64-Bit Server VM (21.0.9+1-b1163.86) for windows-amd64 JRE (21.0.9+1-b1163.86), built on 2025-12-02 by "builduser" with MS VC++ 16.10 / 16.11 (VS2019)

END.
